2023-03-25 15:16:53 INFO  ebanking:43 - Chrome Browser Opened
2023-03-25 15:16:59 INFO  ebanking:11 - URL is Opened
2023-03-25 15:16:59 INFO  ebanking:15 - Entered Username
2023-03-25 15:16:59 INFO  ebanking:17 - Entered Password
2023-03-25 15:17:01 INFO  ebanking:22 - Login Test Passed
2023-03-25 15:22:26 INFO  ebanking:42 - Chrome Browser Opened
2023-03-25 15:22:30 INFO  ebanking:11 - URL is Opened
2023-03-25 15:22:30 INFO  ebanking:15 - Entered Username
2023-03-25 15:22:30 INFO  ebanking:17 - Entered Password
2023-03-25 15:22:35 INFO  ebanking:22 - Login Test Passed
2023-04-09 22:56:19 INFO  ebanking:42 - Chrome Browser Opened
2023-04-09 22:56:27 INFO  ebanking:11 - URL is Opened
2023-04-09 22:56:27 INFO  ebanking:15 - Entered Username
2023-04-09 22:56:27 INFO  ebanking:17 - Entered Password
2023-06-22 15:44:52 INFO  ebanking:42 - Chrome Browser Opened
2023-06-22 15:45:00 INFO  ebanking:11 - URL is Opened
2023-06-22 15:45:00 INFO  ebanking:15 - Entered Username
2023-06-22 15:45:00 INFO  ebanking:17 - Entered Password
2023-06-23 00:25:35 INFO  ebanking:42 - Chrome Browser Opened
2023-06-23 00:25:41 INFO  ebanking:11 - URL is Opened
2023-06-23 00:25:41 INFO  ebanking:15 - Entered Username
2023-06-23 00:25:41 INFO  ebanking:17 - Entered Password
2023-06-23 00:36:09 INFO  ebanking:42 - Chrome Browser Opened
2023-06-23 00:36:15 INFO  ebanking:11 - URL is Opened
2023-06-23 00:36:15 INFO  ebanking:15 - Entered Username
2023-06-23 00:36:15 INFO  ebanking:17 - Entered Password
2023-06-23 00:36:17 INFO  ebanking:22 - Login Test Passed
2023-06-23 00:42:29 INFO  ebanking:42 - Chrome Browser Opened
2023-06-23 00:42:34 INFO  ebanking:11 - URL is Opened
2023-06-23 00:42:35 INFO  ebanking:15 - Entered Username
2023-06-23 00:42:35 INFO  ebanking:17 - Entered Password
2023-06-23 00:42:37 INFO  ebanking:22 - Login Test Passed
2023-06-23 16:02:19 INFO  ebanking:45 - Chrome Browser Opened
2023-06-23 16:03:09 INFO  ebanking:11 - URL is Opened
2023-06-23 16:03:09 INFO  ebanking:15 - Entered Username
2023-06-23 16:03:09 INFO  ebanking:17 - Entered Password
2023-06-23 16:03:19 INFO  ebanking:22 - Login Test Passed
2023-06-23 16:08:19 INFO  ebanking:45 - Chrome Browser Opened
2023-06-23 16:08:49 INFO  ebanking:11 - URL is Opened
2023-06-23 16:08:49 INFO  ebanking:15 - Entered Username
2023-06-23 16:08:49 INFO  ebanking:17 - Entered Password
2023-06-23 16:08:58 INFO  ebanking:22 - Login Test Passed
2023-06-23 16:10:54 INFO  ebanking:45 - Chrome Browser Opened
2023-06-23 16:11:15 INFO  ebanking:11 - URL is Opened
2023-06-23 16:11:15 INFO  ebanking:15 - Entered Username
2023-06-23 16:11:15 INFO  ebanking:17 - Entered Password
2023-06-23 16:11:22 INFO  ebanking:22 - Login Test Passed
2023-06-27 12:36:42 INFO  ebanking:45 - Chrome Browser Opened
2023-06-27 12:36:49 INFO  ebanking:11 - URL is Opened
2023-06-27 12:36:49 INFO  ebanking:15 - Entered Username
2023-06-27 12:36:49 INFO  ebanking:17 - Entered Password
2023-06-27 12:36:53 INFO  ebanking:22 - Login Test Passed
2023-06-27 12:40:24 INFO  ebanking:45 - Chrome Browser Opened
2023-06-27 12:40:30 INFO  ebanking:11 - URL is Opened
2023-06-27 12:40:30 INFO  ebanking:15 - Entered Username
2023-06-27 12:40:30 INFO  ebanking:17 - Entered Password
2023-06-27 12:40:33 INFO  ebanking:22 - Login Test Passed
2023-06-28 14:22:17 INFO  ebanking:45 - Chrome Browser Opened
2023-06-28 14:22:20 INFO  ebanking:11 - URL is Opened
2023-06-28 14:22:21 INFO  ebanking:15 - Entered Username
2023-06-28 14:22:21 INFO  ebanking:17 - Entered Password
2023-06-28 14:22:22 INFO  ebanking:22 - Login Test Passed
2023-06-28 14:22:23 INFO  ebanking:45 - Chrome Browser Opened
2023-06-28 14:25:04 INFO  ebanking:45 - Chrome Browser Opened
2023-06-28 14:25:12 INFO  ebanking:11 - URL is Opened
2023-06-28 14:25:12 INFO  ebanking:15 - Entered Username
2023-06-28 14:25:12 INFO  ebanking:17 - Entered Password
2023-06-28 14:25:15 INFO  ebanking:22 - Login Test Passed
2023-06-28 14:25:17 INFO  ebanking:45 - Chrome Browser Opened
2023-06-28 14:26:06 INFO  ebanking:45 - Chrome Browser Opened
2023-06-28 14:34:31 INFO  ebanking:45 - Chrome Browser Opened
2023-06-28 14:34:39 INFO  ebanking:11 - URL is Opened
2023-06-28 14:34:39 INFO  ebanking:15 - Entered Username
2023-06-28 14:34:39 INFO  ebanking:17 - Entered Password
2023-06-28 14:34:41 INFO  ebanking:22 - Login Test Passed
2023-06-28 14:34:43 INFO  ebanking:45 - Chrome Browser Opened
2023-06-28 16:55:21 INFO  ebanking:43 - Chrome Browser Opened
2023-06-28 16:55:35 INFO  ebanking:11 - URL is Opened
2023-06-28 16:55:36 INFO  ebanking:15 - Entered Username
2023-06-28 16:55:36 INFO  ebanking:17 - Entered Password
2023-06-28 16:55:40 INFO  ebanking:22 - Login Test Passed
2023-06-28 16:55:43 INFO  ebanking:43 - Chrome Browser Opened
2023-06-28 17:00:51 INFO  ebanking:43 - Chrome Browser Opened
2023-06-28 17:01:02 INFO  ebanking:11 - URL is Opened
2023-06-28 17:01:02 INFO  ebanking:15 - Entered Username
2023-06-28 17:01:02 INFO  ebanking:17 - Entered Password
2023-06-28 17:01:04 INFO  ebanking:22 - Login Test Passed
2023-06-28 17:01:07 INFO  ebanking:43 - Chrome Browser Opened
2023-07-05 14:35:30 INFO  ebanking:43 - Chrome Browser Opened
2023-07-05 14:35:35 INFO  ebanking:11 - URL is Opened
2023-07-05 14:35:35 INFO  ebanking:15 - Entered Username
2023-07-05 14:35:35 INFO  ebanking:17 - Entered Password
2023-07-05 14:35:39 INFO  ebanking:22 - Login Test Passed
2023-07-05 14:35:42 INFO  ebanking:43 - Chrome Browser Opened
2023-07-05 14:49:36 INFO  ebanking:43 - Chrome Browser Opened
2023-07-05 14:49:43 INFO  ebanking:11 - URL is Opened
2023-07-05 14:49:44 INFO  ebanking:14 - Entered Username
2023-07-05 14:49:44 INFO  ebanking:16 - Entered Password
2023-07-05 14:49:46 INFO  ebanking:21 - Login Test Passed
2023-07-05 14:49:50 INFO  ebanking:43 - Chrome Browser Opened
